This file contains any messages produced by compilers while
running configure, to aid debugging if configure makes a mistake.

It was created by OpenHIP configure 0.9, which was
generated by GNU Autoconf 2.69.  Invocation command line was

  $ ./configure --prefix=/usr/local

## --------- ##
## Platform. ##
## --------- ##

hostname = sable7
uname -m = x86_64
uname -r = 3.19.0-25-generic
uname -s = Linux
uname -v = #26~14.04.1-Ubuntu SMP Fri Jul 24 21:16:20 UTC 2015

/usr/bin/uname -p = unknown
/bin/uname -X     = unknown

/bin/arch              = unknown
/usr/bin/arch -k       = unknown
/usr/convex/getsysinfo = unknown
/usr/bin/hostinfo      = unknown
/bin/machine           = unknown
/usr/bin/oslevel       = unknown
/bin/universe          = unknown

PATH: /usr/local/sbin
PATH: /usr/local/bin
PATH: /usr/sbin
PATH: /usr/bin
PATH: /sbin
PATH: /bin
PATH: /usr/games
PATH: /usr/local/games


## ----------- ##
## Core tests. ##
## ----------- ##

configure:2324: checking for a BSD-compatible install
configure:2392: result: /usr/bin/install -c
configure:2403: checking whether build environment is sane
configure:2458: result: yes
configure:2609: checking for a thread-safe mkdir -p
configure:2648: result: /bin/mkdir -p
configure:2655: checking for gawk
configure:2685: result: no
configure:2655: checking for mawk
configure:2671: found /usr/bin/mawk
configure:2682: result: mawk
configure:2693: checking whether make sets $(MAKE)
configure:2715: result: yes
configure:2744: checking whether make supports nested variables
configure:2761: result: yes
configure:2902: checking for style of include used by make
configure:2930: result: GNU
configure:3001: checking for gcc
configure:3017: found /usr/bin/gcc
configure:3028: result: gcc
configure:3257: checking for C compiler version
configure:3266: gcc --version >&5
gcc (Ubuntu 4.8.4-2ubuntu1~14.04) 4.8.4
Copyright (C) 2013 Free Software Foundation, Inc.
This is free software; see the source for copying conditions.  There is NO
warranty; not even for MERCHANTABILITY or FITNESS FOR A PARTICULAR PURPOSE.

configure:3277: $? = 0
configure:3266: gcc -v >&5
Using built-in specs.
COLLECT_GCC=gcc
COLLECT_LTO_WRAPPER=/usr/lib/gcc/x86_64-linux-gnu/4.8/lto-wrapper
Target: x86_64-linux-gnu
Configured with: ../src/configure -v --with-pkgversion='Ubuntu 4.8.4-2ubuntu1~14.04' --with-bugurl=file:///usr/share/doc/gcc-4.8/README.Bugs --enable-languages=c,c++,java,go,d,fortran,objc,obj-c++ --prefix=/usr --program-suffix=-4.8 --enable-shared --enable-linker-build-id --libexecdir=/usr/lib --without-included-gettext --enable-threads=posix --with-gxx-include-dir=/usr/include/c++/4.8 --libdir=/usr/lib --enable-nls --with-sysroot=/ --enable-clocale=gnu --enable-libstdcxx-debug --enable-libstdcxx-time=yes --enable-gnu-unique-object --disable-libmudflap --enable-plugin --with-system-zlib --disable-browser-plugin --enable-java-awt=gtk --enable-gtk-cairo --with-java-home=/usr/lib/jvm/java-1.5.0-gcj-4.8-amd64/jre --enable-java-home --with-jvm-root-dir=/usr/lib/jvm/java-1.5.0-gcj-4.8-amd64 --with-jvm-jar-dir=/usr/lib/jvm-exports/java-1.5.0-gcj-4.8-amd64 --with-arch-directory=amd64 --with-ecj-jar=/usr/share/java/eclipse-ecj.jar --enable-objc-gc --enable-multiarch --disable-werror --with-arch-32=i686 --with-abi=m64 --with-multilib-list=m32,m64,mx32 --with-tune=generic --enable-checking=release --build=x86_64-linux-gnu --host=x86_64-linux-gnu --target=x86_64-linux-gnu
Thread model: posix
gcc version 4.8.4 (Ubuntu 4.8.4-2ubuntu1~14.04) 
configure:3277: $? = 0
configure:3266: gcc -V >&5
gcc: error: unrecognized command line option '-V'
gcc: fatal error: no input files
compilation terminated.
configure:3277: $? = 4
configure:3266: gcc -qversion >&5
gcc: error: unrecognized command line option '-qversion'
gcc: fatal error: no input files
compilation terminated.
configure:3277: $? = 4
configure:3297: checking whether the C compiler works
configure:3319: gcc -std=c99   conftest.c  >&5
configure:3323: $? = 0
configure:3371: result: yes
configure:3374: checking for C compiler default output file name
configure:3376: result: a.out
configure:3382: checking for suffix of executables
configure:3389: gcc -o conftest -std=c99   conftest.c  >&5
configure:3393: $? = 0
configure:3415: result: 
configure:3437: checking whether we are cross compiling
configure:3445: gcc -o conftest -std=c99   conftest.c  >&5
configure:3449: $? = 0
configure:3456: ./conftest
configure:3460: $? = 0
configure:3475: result: no
configure:3480: checking for suffix of object files
configure:3502: gcc -c -std=c99  conftest.c >&5
configure:3506: $? = 0
configure:3527: result: o
configure:3531: checking whether we are using the GNU C compiler
configure:3550: gcc -c -std=c99  conftest.c >&5
configure:3550: $? = 0
configure:3559: result: yes
configure:3568: checking whether gcc accepts -g
configure:3588: gcc -c -g  conftest.c >&5
configure:3588: $? = 0
configure:3629: result: yes
configure:3646: checking for gcc option to accept ISO C89
configure:3709: gcc  -c -std=c99  conftest.c >&5
configure:3709: $? = 0
configure:3722: result: none needed
configure:3747: checking whether gcc understands -c and -o together
configure:3769: gcc -c conftest.c -o conftest2.o
configure:3772: $? = 0
configure:3769: gcc -c conftest.c -o conftest2.o
configure:3772: $? = 0
configure:3784: result: yes
configure:3803: checking dependency style of gcc
configure:3914: result: gcc3
configure:3935: checking how to run the C preprocessor
configure:3966: gcc -E  conftest.c
configure:3966: $? = 0
configure:3980: gcc -E  conftest.c
conftest.c:11:28: fatal error: ac_nonexistent.h: No such file or directory
 #include <ac_nonexistent.h>
                            ^
compilation terminated.
configure:3980: $? = 1
configure: failed program was:
| /* confdefs.h */
| #define PACKAGE_NAME "OpenHIP"
| #define PACKAGE_TARNAME "openhip"
| #define PACKAGE_VERSION "0.9"
| #define PACKAGE_STRING "OpenHIP 0.9"
| #define PACKAGE_BUGREPORT "openhip-developers@lists.sourceforge.net"
| #define PACKAGE_URL ""
| #define PACKAGE "openhip"
| #define VERSION "0.9"
| /* end confdefs.h.  */
| #include <ac_nonexistent.h>
configure:4005: result: gcc -E
configure:4025: gcc -E  conftest.c
configure:4025: $? = 0
configure:4039: gcc -E  conftest.c
conftest.c:11:28: fatal error: ac_nonexistent.h: No such file or directory
 #include <ac_nonexistent.h>
                            ^
compilation terminated.
configure:4039: $? = 1
configure: failed program was:
| /* confdefs.h */
| #define PACKAGE_NAME "OpenHIP"
| #define PACKAGE_TARNAME "openhip"
| #define PACKAGE_VERSION "0.9"
| #define PACKAGE_STRING "OpenHIP 0.9"
| #define PACKAGE_BUGREPORT "openhip-developers@lists.sourceforge.net"
| #define PACKAGE_URL ""
| #define PACKAGE "openhip"
| #define VERSION "0.9"
| /* end confdefs.h.  */
| #include <ac_nonexistent.h>
configure:4068: checking for grep that handles long lines and -e
configure:4126: result: /bin/grep
configure:4131: checking for egrep
configure:4193: result: /bin/grep -E
configure:4198: checking for ANSI C header files
configure:4218: gcc -c -std=c99  conftest.c >&5
configure:4218: $? = 0
configure:4291: gcc -o conftest -std=c99   conftest.c  >&5
configure:4291: $? = 0
configure:4291: ./conftest
configure:4291: $? = 0
configure:4302: result: yes
configure:4315: checking for sys/types.h
configure:4315: gcc -c -std=c99  conftest.c >&5
configure:4315: $? = 0
configure:4315: result: yes
configure:4315: checking for sys/stat.h
configure:4315: gcc -c -std=c99  conftest.c >&5
configure:4315: $? = 0
configure:4315: result: yes
configure:4315: checking for stdlib.h
configure:4315: gcc -c -std=c99  conftest.c >&5
configure:4315: $? = 0
configure:4315: result: yes
configure:4315: checking for string.h
configure:4315: gcc -c -std=c99  conftest.c >&5
configure:4315: $? = 0
configure:4315: result: yes
configure:4315: checking for memory.h
configure:4315: gcc -c -std=c99  conftest.c >&5
configure:4315: $? = 0
configure:4315: result: yes
configure:4315: checking for strings.h
configure:4315: gcc -c -std=c99  conftest.c >&5
configure:4315: $? = 0
configure:4315: result: yes
configure:4315: checking for inttypes.h
configure:4315: gcc -c -std=c99  conftest.c >&5
configure:4315: $? = 0
configure:4315: result: yes
configure:4315: checking for stdint.h
configure:4315: gcc -c -std=c99  conftest.c >&5
configure:4315: $? = 0
configure:4315: result: yes
configure:4315: checking for unistd.h
configure:4315: gcc -c -std=c99  conftest.c >&5
configure:4315: $? = 0
configure:4315: result: yes
configure:4328: checking minix/config.h usability
configure:4328: gcc -c -std=c99  conftest.c >&5
conftest.c:54:26: fatal error: minix/config.h: No such file or directory
 #include <minix/config.h>
                          ^
compilation terminated.
configure:4328: $? = 1
configure: failed program was:
| /* confdefs.h */
| #define PACKAGE_NAME "OpenHIP"
| #define PACKAGE_TARNAME "openhip"
| #define PACKAGE_VERSION "0.9"
| #define PACKAGE_STRING "OpenHIP 0.9"
| #define PACKAGE_BUGREPORT "openhip-developers@lists.sourceforge.net"
| #define PACKAGE_URL ""
| #define PACKAGE "openhip"
| #define VERSION "0.9"
| #define STDC_HEADERS 1
| #define HAVE_SYS_TYPES_H 1
| #define HAVE_SYS_STAT_H 1
| #define HAVE_STDLIB_H 1
| #define HAVE_STRING_H 1
| #define HAVE_MEMORY_H 1
| #define HAVE_STRINGS_H 1
| #define HAVE_INTTYPES_H 1
| #define HAVE_STDINT_H 1
| #define HAVE_UNISTD_H 1
| /* end confdefs.h.  */
| #include <stdio.h>
| #ifdef HAVE_SYS_TYPES_H
| # include <sys/types.h>
| #endif
| #ifdef HAVE_SYS_STAT_H
| # include <sys/stat.h>
| #endif
| #ifdef STDC_HEADERS
| # include <stdlib.h>
| # include <stddef.h>
| #else
| # ifdef HAVE_STDLIB_H
| #  include <stdlib.h>
| # endif
| #endif
| #ifdef HAVE_STRING_H
| # if !defined STDC_HEADERS && defined HAVE_MEMORY_H
| #  include <memory.h>
| # endif
| # include <string.h>
| #endif
| #ifdef HAVE_STRINGS_H
| # include <strings.h>
| #endif
| #ifdef HAVE_INTTYPES_H
| # include <inttypes.h>
| #endif
| #ifdef HAVE_STDINT_H
| # include <stdint.h>
| #endif
| #ifdef HAVE_UNISTD_H
| # include <unistd.h>
| #endif
| #include <minix/config.h>
configure:4328: result: no
configure:4328: checking minix/config.h presence
configure:4328: gcc -E  conftest.c
conftest.c:21:26: fatal error: minix/config.h: No such file or directory
 #include <minix/config.h>
                          ^
compilation terminated.
configure:4328: $? = 1
configure: failed program was:
| /* confdefs.h */
| #define PACKAGE_NAME "OpenHIP"
| #define PACKAGE_TARNAME "openhip"
| #define PACKAGE_VERSION "0.9"
| #define PACKAGE_STRING "OpenHIP 0.9"
| #define PACKAGE_BUGREPORT "openhip-developers@lists.sourceforge.net"
| #define PACKAGE_URL ""
| #define PACKAGE "openhip"
| #define VERSION "0.9"
| #define STDC_HEADERS 1
| #define HAVE_SYS_TYPES_H 1
| #define HAVE_SYS_STAT_H 1
| #define HAVE_STDLIB_H 1
| #define HAVE_STRING_H 1
| #define HAVE_MEMORY_H 1
| #define HAVE_STRINGS_H 1
| #define HAVE_INTTYPES_H 1
| #define HAVE_STDINT_H 1
| #define HAVE_UNISTD_H 1
| /* end confdefs.h.  */
| #include <minix/config.h>
configure:4328: result: no
configure:4328: checking for minix/config.h
configure:4328: result: no
configure:4349: checking whether it is safe to define __EXTENSIONS__
configure:4367: gcc -c -std=c99  conftest.c >&5
configure:4367: $? = 0
configure:4374: result: yes
configure:4459: checking for g++
configure:4489: result: no
configure:4459: checking for c++
configure:4489: result: no
configure:4459: checking for gpp
configure:4489: result: no
configure:4459: checking for aCC
configure:4489: result: no
configure:4459: checking for CC
configure:4489: result: no
configure:4459: checking for cxx
configure:4489: result: no
configure:4459: checking for cc++
configure:4489: result: no
configure:4459: checking for cl.exe
configure:4489: result: no
configure:4459: checking for FCC
configure:4489: result: no
configure:4459: checking for KCC
configure:4489: result: no
configure:4459: checking for RCC
configure:4489: result: no
configure:4459: checking for xlC_r
configure:4489: result: no
configure:4459: checking for xlC
configure:4489: result: no
configure:4513: checking for C++ compiler version
configure:4522: g++ --version >&5
./configure: line 4524: g++: command not found
configure:4533: $? = 127
configure:4522: g++ -v >&5
./configure: line 4524: g++: command not found
configure:4533: $? = 127
configure:4522: g++ -V >&5
./configure: line 4524: g++: command not found
configure:4533: $? = 127
configure:4522: g++ -qversion >&5
./configure: line 4524: g++: command not found
configure:4533: $? = 127
configure:4537: checking whether we are using the GNU C++ compiler
configure:4556: g++ -c   conftest.cpp >&5
./configure: line 1733: g++: command not found
configure:4556: $? = 127
configure: failed program was:
| /* confdefs.h */
| #define PACKAGE_NAME "OpenHIP"
| #define PACKAGE_TARNAME "openhip"
| #define PACKAGE_VERSION "0.9"
| #define PACKAGE_STRING "OpenHIP 0.9"
| #define PACKAGE_BUGREPORT "openhip-developers@lists.sourceforge.net"
| #define PACKAGE_URL ""
| #define PACKAGE "openhip"
| #define VERSION "0.9"
| #define STDC_HEADERS 1
| #define HAVE_SYS_TYPES_H 1
| #define HAVE_SYS_STAT_H 1
| #define HAVE_STDLIB_H 1
| #define HAVE_STRING_H 1
| #define HAVE_MEMORY_H 1
| #define HAVE_STRINGS_H 1
| #define HAVE_INTTYPES_H 1
| #define HAVE_STDINT_H 1
| #define HAVE_UNISTD_H 1
| #define __EXTENSIONS__ 1
| #define _ALL_SOURCE 1
| #define _GNU_SOURCE 1
| #define _POSIX_PTHREAD_SEMANTICS 1
| #define _TANDEM_SOURCE 1
| /* end confdefs.h.  */
| 
| int
| main ()
| {
| #ifndef __GNUC__
|        choke me
| #endif
| 
|   ;
|   return 0;
| }
configure:4565: result: no
configure:4574: checking whether g++ accepts -g
configure:4594: g++ -c -g  conftest.cpp >&5
./configure: line 1733: g++: command not found
configure:4594: $? = 127
configure: failed program was:
| /* confdefs.h */
| #define PACKAGE_NAME "OpenHIP"
| #define PACKAGE_TARNAME "openhip"
| #define PACKAGE_VERSION "0.9"
| #define PACKAGE_STRING "OpenHIP 0.9"
| #define PACKAGE_BUGREPORT "openhip-developers@lists.sourceforge.net"
| #define PACKAGE_URL ""
| #define PACKAGE "openhip"
| #define VERSION "0.9"
| #define STDC_HEADERS 1
| #define HAVE_SYS_TYPES_H 1
| #define HAVE_SYS_STAT_H 1
| #define HAVE_STDLIB_H 1
| #define HAVE_STRING_H 1
| #define HAVE_MEMORY_H 1
| #define HAVE_STRINGS_H 1
| #define HAVE_INTTYPES_H 1
| #define HAVE_STDINT_H 1
| #define HAVE_UNISTD_H 1
| #define __EXTENSIONS__ 1
| #define _ALL_SOURCE 1
| #define _GNU_SOURCE 1
| #define _POSIX_PTHREAD_SEMANTICS 1
| #define _TANDEM_SOURCE 1
| /* end confdefs.h.  */
| 
| int
| main ()
| {
| 
|   ;
|   return 0;
| }
configure:4609: g++ -c   conftest.cpp >&5
./configure: line 1733: g++: command not found
configure:4609: $? = 127
configure: failed program was:
| /* confdefs.h */
| #define PACKAGE_NAME "OpenHIP"
| #define PACKAGE_TARNAME "openhip"
| #define PACKAGE_VERSION "0.9"
| #define PACKAGE_STRING "OpenHIP 0.9"
| #define PACKAGE_BUGREPORT "openhip-developers@lists.sourceforge.net"
| #define PACKAGE_URL ""
| #define PACKAGE "openhip"
| #define VERSION "0.9"
| #define STDC_HEADERS 1
| #define HAVE_SYS_TYPES_H 1
| #define HAVE_SYS_STAT_H 1
| #define HAVE_STDLIB_H 1
| #define HAVE_STRING_H 1
| #define HAVE_MEMORY_H 1
| #define HAVE_STRINGS_H 1
| #define HAVE_INTTYPES_H 1
| #define HAVE_STDINT_H 1
| #define HAVE_UNISTD_H 1
| #define __EXTENSIONS__ 1
| #define _ALL_SOURCE 1
| #define _GNU_SOURCE 1
| #define _POSIX_PTHREAD_SEMANTICS 1
| #define _TANDEM_SOURCE 1
| /* end confdefs.h.  */
| 
| int
| main ()
| {
| 
|   ;
|   return 0;
| }
configure:4625: g++ -c -g  conftest.cpp >&5
./configure: line 1733: g++: command not found
configure:4625: $? = 127
configure: failed program was:
| /* confdefs.h */
| #define PACKAGE_NAME "OpenHIP"
| #define PACKAGE_TARNAME "openhip"
| #define PACKAGE_VERSION "0.9"
| #define PACKAGE_STRING "OpenHIP 0.9"
| #define PACKAGE_BUGREPORT "openhip-developers@lists.sourceforge.net"
| #define PACKAGE_URL ""
| #define PACKAGE "openhip"
| #define VERSION "0.9"
| #define STDC_HEADERS 1
| #define HAVE_SYS_TYPES_H 1
| #define HAVE_SYS_STAT_H 1
| #define HAVE_STDLIB_H 1
| #define HAVE_STRING_H 1
| #define HAVE_MEMORY_H 1
| #define HAVE_STRINGS_H 1
| #define HAVE_INTTYPES_H 1
| #define HAVE_STDINT_H 1
| #define HAVE_UNISTD_H 1
| #define __EXTENSIONS__ 1
| #define _ALL_SOURCE 1
| #define _GNU_SOURCE 1
| #define _POSIX_PTHREAD_SEMANTICS 1
| #define _TANDEM_SOURCE 1
| /* end confdefs.h.  */
| 
| int
| main ()
| {
| 
|   ;
|   return 0;
| }
configure:4635: result: no
configure:4660: checking dependency style of g++
configure:4771: result: none
configure:4790: checking for gawk
configure:4817: result: mawk
configure:4876: checking for gcc
configure:4903: result: gcc
configure:5132: checking for C compiler version
configure:5141: gcc --version >&5
gcc (Ubuntu 4.8.4-2ubuntu1~14.04) 4.8.4
Copyright (C) 2013 Free Software Foundation, Inc.
This is free software; see the source for copying conditions.  There is NO
warranty; not even for MERCHANTABILITY or FITNESS FOR A PARTICULAR PURPOSE.

configure:5152: $? = 0
configure:5141: gcc -v >&5
Using built-in specs.
COLLECT_GCC=gcc
COLLECT_LTO_WRAPPER=/usr/lib/gcc/x86_64-linux-gnu/4.8/lto-wrapper
Target: x86_64-linux-gnu
Configured with: ../src/configure -v --with-pkgversion='Ubuntu 4.8.4-2ubuntu1~14.04' --with-bugurl=file:///usr/share/doc/gcc-4.8/README.Bugs --enable-languages=c,c++,java,go,d,fortran,objc,obj-c++ --prefix=/usr --program-suffix=-4.8 --enable-shared --enable-linker-build-id --libexecdir=/usr/lib --without-included-gettext --enable-threads=posix --with-gxx-include-dir=/usr/include/c++/4.8 --libdir=/usr/lib --enable-nls --with-sysroot=/ --enable-clocale=gnu --enable-libstdcxx-debug --enable-libstdcxx-time=yes --enable-gnu-unique-object --disable-libmudflap --enable-plugin --with-system-zlib --disable-browser-plugin --enable-java-awt=gtk --enable-gtk-cairo --with-java-home=/usr/lib/jvm/java-1.5.0-gcj-4.8-amd64/jre --enable-java-home --with-jvm-root-dir=/usr/lib/jvm/java-1.5.0-gcj-4.8-amd64 --with-jvm-jar-dir=/usr/lib/jvm-exports/java-1.5.0-gcj-4.8-amd64 --with-arch-directory=amd64 --with-ecj-jar=/usr/share/java/eclipse-ecj.jar --enable-objc-gc --enable-multiarch --disable-werror --with-arch-32=i686 --with-abi=m64 --with-multilib-list=m32,m64,mx32 --with-tune=generic --enable-checking=release --build=x86_64-linux-gnu --host=x86_64-linux-gnu --target=x86_64-linux-gnu
Thread model: posix
gcc version 4.8.4 (Ubuntu 4.8.4-2ubuntu1~14.04) 
configure:5152: $? = 0
configure:5141: gcc -V >&5
gcc: error: unrecognized command line option '-V'
gcc: fatal error: no input files
compilation terminated.
configure:5152: $? = 4
configure:5141: gcc -qversion >&5
gcc: error: unrecognized command line option '-qversion'
gcc: fatal error: no input files
compilation terminated.
configure:5152: $? = 4
configure:5156: checking whether we are using the GNU C compiler
configure:5184: result: yes
configure:5193: checking whether gcc accepts -g
configure:5254: result: yes
configure:5271: checking for gcc option to accept ISO C89
configure:5347: result: none needed
configure:5372: checking whether gcc understands -c and -o together
configure:5409: result: yes
configure:5428: checking dependency style of gcc
configure:5539: result: gcc3
configure:5559: checking how to run the C preprocessor
configure:5629: result: gcc -E
configure:5649: gcc -E  conftest.c
configure:5649: $? = 0
configure:5663: gcc -E  conftest.c
conftest.c:26:28: fatal error: ac_nonexistent.h: No such file or directory
 #include <ac_nonexistent.h>
                            ^
compilation terminated.
configure:5663: $? = 1
configure: failed program was:
| /* confdefs.h */
| #define PACKAGE_NAME "OpenHIP"
| #define PACKAGE_TARNAME "openhip"
| #define PACKAGE_VERSION "0.9"
| #define PACKAGE_STRING "OpenHIP 0.9"
| #define PACKAGE_BUGREPORT "openhip-developers@lists.sourceforge.net"
| #define PACKAGE_URL ""
| #define PACKAGE "openhip"
| #define VERSION "0.9"
| #define STDC_HEADERS 1
| #define HAVE_SYS_TYPES_H 1
| #define HAVE_SYS_STAT_H 1
| #define HAVE_STDLIB_H 1
| #define HAVE_STRING_H 1
| #define HAVE_MEMORY_H 1
| #define HAVE_STRINGS_H 1
| #define HAVE_INTTYPES_H 1
| #define HAVE_STDINT_H 1
| #define HAVE_UNISTD_H 1
| #define __EXTENSIONS__ 1
| #define _ALL_SOURCE 1
| #define _GNU_SOURCE 1
| #define _POSIX_PTHREAD_SEMANTICS 1
| #define _TANDEM_SOURCE 1
| /* end confdefs.h.  */
| #include <ac_nonexistent.h>
configure:5695: checking for AES_cbc_encrypt in -lcrypto
configure:5720: gcc -o conftest -std=c99 -O3 -Werror -D_GNU_SOURCE -fno-strict-aliasing   conftest.c -lcrypto   >&5
configure:5720: $? = 0
configure:5729: result: yes
configure:5743: checking for RSA_verify in -lcrypto
configure:5768: gcc -o conftest -std=c99 -O3 -Werror -D_GNU_SOURCE -fno-strict-aliasing   conftest.c -lcrypto  -lcrypto  >&5
configure:5768: $? = 0
configure:5777: result: yes
configure:5792: checking for pthread_create in -lpthread
configure:5817: gcc -o conftest -std=c99 -O3 -Werror -D_GNU_SOURCE -fno-strict-aliasing   conftest.c -lpthread  -lcrypto -lcrypto  >&5
configure:5817: $? = 0
configure:5826: result: yes
configure:5843: checking for ANSI C header files
configure:5947: result: yes
configure:5955: checking for sys/wait.h that is POSIX.1 compatible
configure:5981: gcc -c -std=c99 -O3 -Werror -D_GNU_SOURCE -fno-strict-aliasing  conftest.c >&5
configure:5981: $? = 0
configure:5988: result: yes
configure:5999: checking arpa/inet.h usability
configure:5999: gcc -c -std=c99 -O3 -Werror -D_GNU_SOURCE -fno-strict-aliasing  conftest.c >&5
configure:5999: $? = 0
configure:5999: result: yes
configure:5999: checking arpa/inet.h presence
configure:5999: gcc -E  conftest.c
configure:5999: $? = 0
configure:5999: result: yes
configure:5999: checking for arpa/inet.h
configure:5999: result: yes
configure:5999: checking fcntl.h usability
configure:5999: gcc -c -std=c99 -O3 -Werror -D_GNU_SOURCE -fno-strict-aliasing  conftest.c >&5
configure:5999: $? = 0
configure:5999: result: yes
configure:5999: checking fcntl.h presence
configure:5999: gcc -E  conftest.c
configure:5999: $? = 0
configure:5999: result: yes
configure:5999: checking for fcntl.h
configure:5999: result: yes
configure:5999: checking netdb.h usability
configure:5999: gcc -c -std=c99 -O3 -Werror -D_GNU_SOURCE -fno-strict-aliasing  conftest.c >&5
configure:5999: $? = 0
configure:5999: result: yes
configure:5999: checking netdb.h presence
configure:5999: gcc -E  conftest.c
configure:5999: $? = 0
configure:5999: result: yes
configure:5999: checking for netdb.h
configure:5999: result: yes
configure:5999: checking netinet/in.h usability
configure:5999: gcc -c -std=c99 -O3 -Werror -D_GNU_SOURCE -fno-strict-aliasing  conftest.c >&5
configure:5999: $? = 0
configure:5999: result: yes
configure:5999: checking netinet/in.h presence
configure:5999: gcc -E  conftest.c
configure:5999: $? = 0
configure:5999: result: yes
configure:5999: checking for netinet/in.h
configure:5999: result: yes
configure:5999: checking for stdlib.h
configure:5999: result: yes
configure:5999: checking for string.h
configure:5999: result: yes
configure:5999: checking sys/ioctl.h usability
configure:5999: gcc -c -std=c99 -O3 -Werror -D_GNU_SOURCE -fno-strict-aliasing  conftest.c >&5
configure:5999: $? = 0
configure:5999: result: yes
configure:5999: checking sys/ioctl.h presence
configure:5999: gcc -E  conftest.c
configure:5999: $? = 0
configure:5999: result: yes
configure:5999: checking for sys/ioctl.h
configure:5999: result: yes
configure:5999: checking sys/socket.h usability
configure:5999: gcc -c -std=c99 -O3 -Werror -D_GNU_SOURCE -fno-strict-aliasing  conftest.c >&5
configure:5999: $? = 0
configure:5999: result: yes
configure:5999: checking sys/socket.h presence
configure:5999: gcc -E  conftest.c
configure:5999: $? = 0
configure:5999: result: yes
configure:5999: checking for sys/socket.h
configure:5999: result: yes
configure:5999: checking sys/time.h usability
configure:5999: gcc -c -std=c99 -O3 -Werror -D_GNU_SOURCE -fno-strict-aliasing  conftest.c >&5
configure:5999: $? = 0
configure:5999: result: yes
configure:5999: checking sys/time.h presence
configure:5999: gcc -E  conftest.c
configure:5999: $? = 0
configure:5999: result: yes
configure:5999: checking for sys/time.h
configure:5999: result: yes
configure:5999: checking for unistd.h
configure:5999: result: yes
configure:6011: checking for an ANSI C-conforming const
configure:6077: gcc -c -std=c99 -O3 -Werror -D_GNU_SOURCE -fno-strict-aliasing  conftest.c >&5
configure:6077: $? = 0
configure:6084: result: yes
configure:6092: checking for inline
configure:6108: gcc -c -std=c99 -O3 -Werror -D_GNU_SOURCE -fno-strict-aliasing  conftest.c >&5
configure:6108: $? = 0
configure:6116: result: inline
configure:6134: checking for size_t
configure:6134: gcc -c -std=c99 -O3 -Werror -D_GNU_SOURCE -fno-strict-aliasing  conftest.c >&5
configure:6134: $? = 0
configure:6134: gcc -c -std=c99 -O3 -Werror -D_GNU_SOURCE -fno-strict-aliasing  conftest.c >&5
conftest.c: In function 'main':
conftest.c:77:21: error: expected expression before ')' token
 if (sizeof ((size_t)))
                     ^
configure:6134: $? = 1
configure: failed program was:
| /* confdefs.h */
| #define PACKAGE_NAME "OpenHIP"
| #define PACKAGE_TARNAME "openhip"
| #define PACKAGE_VERSION "0.9"
| #define PACKAGE_STRING "OpenHIP 0.9"
| #define PACKAGE_BUGREPORT "openhip-developers@lists.sourceforge.net"
| #define PACKAGE_URL ""
| #define PACKAGE "openhip"
| #define VERSION "0.9"
| #define STDC_HEADERS 1
| #define HAVE_SYS_TYPES_H 1
| #define HAVE_SYS_STAT_H 1
| #define HAVE_STDLIB_H 1
| #define HAVE_STRING_H 1
| #define HAVE_MEMORY_H 1
| #define HAVE_STRINGS_H 1
| #define HAVE_INTTYPES_H 1
| #define HAVE_STDINT_H 1
| #define HAVE_UNISTD_H 1
| #define __EXTENSIONS__ 1
| #define _ALL_SOURCE 1
| #define _GNU_SOURCE 1
| #define _POSIX_PTHREAD_SEMANTICS 1
| #define _TANDEM_SOURCE 1
| #define HAVE_LIBCRYPTO 1
| #define HAVE_LIBCRYPTO 1
| #define HAVE_LIBPTHREAD 1
| #define STDC_HEADERS 1
| #define HAVE_SYS_WAIT_H 1
| #define HAVE_ARPA_INET_H 1
| #define HAVE_FCNTL_H 1
| #define HAVE_NETDB_H 1
| #define HAVE_NETINET_IN_H 1
| #define HAVE_STDLIB_H 1
| #define HAVE_STRING_H 1
| #define HAVE_SYS_IOCTL_H 1
| #define HAVE_SYS_SOCKET_H 1
| #define HAVE_SYS_TIME_H 1
| #define HAVE_UNISTD_H 1
| /* end confdefs.h.  */
| #include <stdio.h>
| #ifdef HAVE_SYS_TYPES_H
| # include <sys/types.h>
| #endif
| #ifdef HAVE_SYS_STAT_H
| # include <sys/stat.h>
| #endif
| #ifdef STDC_HEADERS
| # include <stdlib.h>
| # include <stddef.h>
| #else
| # ifdef HAVE_STDLIB_H
| #  include <stdlib.h>
| # endif
| #endif
| #ifdef HAVE_STRING_H
| # if !defined STDC_HEADERS && defined HAVE_MEMORY_H
| #  include <memory.h>
| # endif
| # include <string.h>
| #endif
| #ifdef HAVE_STRINGS_H
| # include <strings.h>
| #endif
| #ifdef HAVE_INTTYPES_H
| # include <inttypes.h>
| #endif
| #ifdef HAVE_STDINT_H
| # include <stdint.h>
| #endif
| #ifdef HAVE_UNISTD_H
| # include <unistd.h>
| #endif
| int
| main ()
| {
| if (sizeof ((size_t)))
| 	    return 0;
|   ;
|   return 0;
| }
configure:6134: result: yes
configure:6145: checking whether time.h and sys/time.h may both be included
configure:6165: gcc -c -std=c99 -O3 -Werror -D_GNU_SOURCE -fno-strict-aliasing  conftest.c >&5
configure:6165: $? = 0
configure:6172: result: yes
configure:6182: checking for pid_t
configure:6182: gcc -c -std=c99 -O3 -Werror -D_GNU_SOURCE -fno-strict-aliasing  conftest.c >&5
configure:6182: $? = 0
configure:6182: gcc -c -std=c99 -O3 -Werror -D_GNU_SOURCE -fno-strict-aliasing  conftest.c >&5
conftest.c: In function 'main':
conftest.c:78:20: error: expected expression before ')' token
 if (sizeof ((pid_t)))
                    ^
configure:6182: $? = 1
configure: failed program was:
| /* confdefs.h */
| #define PACKAGE_NAME "OpenHIP"
| #define PACKAGE_TARNAME "openhip"
| #define PACKAGE_VERSION "0.9"
| #define PACKAGE_STRING "OpenHIP 0.9"
| #define PACKAGE_BUGREPORT "openhip-developers@lists.sourceforge.net"
| #define PACKAGE_URL ""
| #define PACKAGE "openhip"
| #define VERSION "0.9"
| #define STDC_HEADERS 1
| #define HAVE_SYS_TYPES_H 1
| #define HAVE_SYS_STAT_H 1
| #define HAVE_STDLIB_H 1
| #define HAVE_STRING_H 1
| #define HAVE_MEMORY_H 1
| #define HAVE_STRINGS_H 1
| #define HAVE_INTTYPES_H 1
| #define HAVE_STDINT_H 1
| #define HAVE_UNISTD_H 1
| #define __EXTENSIONS__ 1
| #define _ALL_SOURCE 1
| #define _GNU_SOURCE 1
| #define _POSIX_PTHREAD_SEMANTICS 1
| #define _TANDEM_SOURCE 1
| #define HAVE_LIBCRYPTO 1
| #define HAVE_LIBCRYPTO 1
| #define HAVE_LIBPTHREAD 1
| #define STDC_HEADERS 1
| #define HAVE_SYS_WAIT_H 1
| #define HAVE_ARPA_INET_H 1
| #define HAVE_FCNTL_H 1
| #define HAVE_NETDB_H 1
| #define HAVE_NETINET_IN_H 1
| #define HAVE_STDLIB_H 1
| #define HAVE_STRING_H 1
| #define HAVE_SYS_IOCTL_H 1
| #define HAVE_SYS_SOCKET_H 1
| #define HAVE_SYS_TIME_H 1
| #define HAVE_UNISTD_H 1
| #define TIME_WITH_SYS_TIME 1
| /* end confdefs.h.  */
| #include <stdio.h>
| #ifdef HAVE_SYS_TYPES_H
| # include <sys/types.h>
| #endif
| #ifdef HAVE_SYS_STAT_H
| # include <sys/stat.h>
| #endif
| #ifdef STDC_HEADERS
| # include <stdlib.h>
| # include <stddef.h>
| #else
| # ifdef HAVE_STDLIB_H
| #  include <stdlib.h>
| # endif
| #endif
| #ifdef HAVE_STRING_H
| # if !defined STDC_HEADERS && defined HAVE_MEMORY_H
| #  include <memory.h>
| # endif
| # include <string.h>
| #endif
| #ifdef HAVE_STRINGS_H
| # include <strings.h>
| #endif
| #ifdef HAVE_INTTYPES_H
| # include <inttypes.h>
| #endif
| #ifdef HAVE_STDINT_H
| # include <stdint.h>
| #endif
| #ifdef HAVE_UNISTD_H
| # include <unistd.h>
| #endif
| int
| main ()
| {
| if (sizeof ((pid_t)))
| 	    return 0;
|   ;
|   return 0;
| }
configure:6182: result: yes
configure:6195: checking vfork.h usability
configure:6195: gcc -c -std=c99 -O3 -Werror -D_GNU_SOURCE -fno-strict-aliasing  conftest.c >&5
conftest.c:75:19: fatal error: vfork.h: No such file or directory
 #include <vfork.h>
                   ^
compilation terminated.
configure:6195: $? = 1
configure: failed program was:
| /* confdefs.h */
| #define PACKAGE_NAME "OpenHIP"
| #define PACKAGE_TARNAME "openhip"
| #define PACKAGE_VERSION "0.9"
| #define PACKAGE_STRING "OpenHIP 0.9"
| #define PACKAGE_BUGREPORT "openhip-developers@lists.sourceforge.net"
| #define PACKAGE_URL ""
| #define PACKAGE "openhip"
| #define VERSION "0.9"
| #define STDC_HEADERS 1
| #define HAVE_SYS_TYPES_H 1
| #define HAVE_SYS_STAT_H 1
| #define HAVE_STDLIB_H 1
| #define HAVE_STRING_H 1
| #define HAVE_MEMORY_H 1
| #define HAVE_STRINGS_H 1
| #define HAVE_INTTYPES_H 1
| #define HAVE_STDINT_H 1
| #define HAVE_UNISTD_H 1
| #define __EXTENSIONS__ 1
| #define _ALL_SOURCE 1
| #define _GNU_SOURCE 1
| #define _POSIX_PTHREAD_SEMANTICS 1
| #define _TANDEM_SOURCE 1
| #define HAVE_LIBCRYPTO 1
| #define HAVE_LIBCRYPTO 1
| #define HAVE_LIBPTHREAD 1
| #define STDC_HEADERS 1
| #define HAVE_SYS_WAIT_H 1
| #define HAVE_ARPA_INET_H 1
| #define HAVE_FCNTL_H 1
| #define HAVE_NETDB_H 1
| #define HAVE_NETINET_IN_H 1
| #define HAVE_STDLIB_H 1
| #define HAVE_STRING_H 1
| #define HAVE_SYS_IOCTL_H 1
| #define HAVE_SYS_SOCKET_H 1
| #define HAVE_SYS_TIME_H 1
| #define HAVE_UNISTD_H 1
| #define TIME_WITH_SYS_TIME 1
| /* end confdefs.h.  */
| #include <stdio.h>
| #ifdef HAVE_SYS_TYPES_H
| # include <sys/types.h>
| #endif
| #ifdef HAVE_SYS_STAT_H
| # include <sys/stat.h>
| #endif
| #ifdef STDC_HEADERS
| # include <stdlib.h>
| # include <stddef.h>
| #else
| # ifdef HAVE_STDLIB_H
| #  include <stdlib.h>
| # endif
| #endif
| #ifdef HAVE_STRING_H
| # if !defined STDC_HEADERS && defined HAVE_MEMORY_H
| #  include <memory.h>
| # endif
| # include <string.h>
| #endif
| #ifdef HAVE_STRINGS_H
| # include <strings.h>
| #endif
| #ifdef HAVE_INTTYPES_H
| # include <inttypes.h>
| #endif
| #ifdef HAVE_STDINT_H
| # include <stdint.h>
| #endif
| #ifdef HAVE_UNISTD_H
| # include <unistd.h>
| #endif
| #include <vfork.h>
configure:6195: result: no
configure:6195: checking vfork.h presence
configure:6195: gcc -E  conftest.c
conftest.c:42:19: fatal error: vfork.h: No such file or directory
 #include <vfork.h>
                   ^
compilation terminated.
configure:6195: $? = 1
configure: failed program was:
| /* confdefs.h */
| #define PACKAGE_NAME "OpenHIP"
| #define PACKAGE_TARNAME "openhip"
| #define PACKAGE_VERSION "0.9"
| #define PACKAGE_STRING "OpenHIP 0.9"
| #define PACKAGE_BUGREPORT "openhip-developers@lists.sourceforge.net"
| #define PACKAGE_URL ""
| #define PACKAGE "openhip"
| #define VERSION "0.9"
| #define STDC_HEADERS 1
| #define HAVE_SYS_TYPES_H 1
| #define HAVE_SYS_STAT_H 1
| #define HAVE_STDLIB_H 1
| #define HAVE_STRING_H 1
| #define HAVE_MEMORY_H 1
| #define HAVE_STRINGS_H 1
| #define HAVE_INTTYPES_H 1
| #define HAVE_STDINT_H 1
| #define HAVE_UNISTD_H 1
| #define __EXTENSIONS__ 1
| #define _ALL_SOURCE 1
| #define _GNU_SOURCE 1
| #define _POSIX_PTHREAD_SEMANTICS 1
| #define _TANDEM_SOURCE 1
| #define HAVE_LIBCRYPTO 1
| #define HAVE_LIBCRYPTO 1
| #define HAVE_LIBPTHREAD 1
| #define STDC_HEADERS 1
| #define HAVE_SYS_WAIT_H 1
| #define HAVE_ARPA_INET_H 1
| #define HAVE_FCNTL_H 1
| #define HAVE_NETDB_H 1
| #define HAVE_NETINET_IN_H 1
| #define HAVE_STDLIB_H 1
| #define HAVE_STRING_H 1
| #define HAVE_SYS_IOCTL_H 1
| #define HAVE_SYS_SOCKET_H 1
| #define HAVE_SYS_TIME_H 1
| #define HAVE_UNISTD_H 1
| #define TIME_WITH_SYS_TIME 1
| /* end confdefs.h.  */
| #include <vfork.h>
configure:6195: result: no
configure:6195: checking for vfork.h
configure:6195: result: no
configure:6208: checking for fork
configure:6208: gcc -o conftest -std=c99 -O3 -Werror -D_GNU_SOURCE -fno-strict-aliasing   conftest.c -lpthread -lcrypto -lcrypto  -lm >&5
configure:6208: $? = 0
configure:6208: result: yes
configure:6208: checking for vfork
configure:6208: gcc -o conftest -std=c99 -O3 -Werror -D_GNU_SOURCE -fno-strict-aliasing   conftest.c -lpthread -lcrypto -lcrypto  -lm >&5
configure:6208: $? = 0
configure:6208: result: yes
configure:6218: checking for working fork
configure:6240: gcc -o conftest -std=c99 -O3 -Werror -D_GNU_SOURCE -fno-strict-aliasing   conftest.c -lpthread -lcrypto -lcrypto  -lm >&5
configure:6240: $? = 0
configure:6240: ./conftest
configure:6240: $? = 0
configure:6250: result: yes
configure:6271: checking for working vfork
configure:6381: result: yes
configure:6407: checking whether gcc needs -traditional
configure:6441: result: no
configure:6450: checking for stdlib.h
configure:6450: result: yes
configure:6460: checking for GNU libc compatible malloc
configure:6484: gcc -o conftest -std=c99 -O3 -Werror -D_GNU_SOURCE -fno-strict-aliasing   conftest.c -lpthread -lcrypto -lcrypto  -lm >&5
configure:6484: $? = 0
configure:6484: ./conftest
configure:6484: $? = 0
configure:6494: result: yes
configure:6515: checking for working memcmp
configure:6558: gcc -o conftest -std=c99 -O3 -Werror -D_GNU_SOURCE -fno-strict-aliasing   conftest.c -lpthread -lcrypto -lcrypto  -lm >&5
configure:6558: $? = 0
configure:6558: ./conftest
configure:6558: $? = 0
configure:6568: result: yes
configure:6580: checking sys/select.h usability
configure:6580: gcc -c -std=c99 -O3 -Werror -D_GNU_SOURCE -fno-strict-aliasing  conftest.c >&5
configure:6580: $? = 0
configure:6580: result: yes
configure:6580: checking sys/select.h presence
configure:6580: gcc -E  conftest.c
configure:6580: $? = 0
configure:6580: result: yes
configure:6580: checking for sys/select.h
configure:6580: result: yes
configure:6580: checking for sys/socket.h
configure:6580: result: yes
configure:6590: checking types of arguments for select
configure:6618: gcc -c -std=c99 -O3 -Werror -D_GNU_SOURCE -fno-strict-aliasing  conftest.c >&5
configure:6618: $? = 0
configure:6629: result: int,fd_set *,struct timeval *
configure:6652: checking return type of signal handlers
configure:6670: gcc -c -std=c99 -O3 -Werror -D_GNU_SOURCE -fno-strict-aliasing  conftest.c >&5
conftest.c: In function 'main':
conftest.c:59:1: error: void value not ignored as it ought to be
 return *(signal (0, 0)) (0) == 1;
 ^
configure:6670: $? = 1
configure: failed program was:
| /* confdefs.h */
| #define PACKAGE_NAME "OpenHIP"
| #define PACKAGE_TARNAME "openhip"
| #define PACKAGE_VERSION "0.9"
| #define PACKAGE_STRING "OpenHIP 0.9"
| #define PACKAGE_BUGREPORT "openhip-developers@lists.sourceforge.net"
| #define PACKAGE_URL ""
| #define PACKAGE "openhip"
| #define VERSION "0.9"
| #define STDC_HEADERS 1
| #define HAVE_SYS_TYPES_H 1
| #define HAVE_SYS_STAT_H 1
| #define HAVE_STDLIB_H 1
| #define HAVE_STRING_H 1
| #define HAVE_MEMORY_H 1
| #define HAVE_STRINGS_H 1
| #define HAVE_INTTYPES_H 1
| #define HAVE_STDINT_H 1
| #define HAVE_UNISTD_H 1
| #define __EXTENSIONS__ 1
| #define _ALL_SOURCE 1
| #define _GNU_SOURCE 1
| #define _POSIX_PTHREAD_SEMANTICS 1
| #define _TANDEM_SOURCE 1
| #define HAVE_LIBCRYPTO 1
| #define HAVE_LIBCRYPTO 1
| #define HAVE_LIBPTHREAD 1
| #define STDC_HEADERS 1
| #define HAVE_SYS_WAIT_H 1
| #define HAVE_ARPA_INET_H 1
| #define HAVE_FCNTL_H 1
| #define HAVE_NETDB_H 1
| #define HAVE_NETINET_IN_H 1
| #define HAVE_STDLIB_H 1
| #define HAVE_STRING_H 1
| #define HAVE_SYS_IOCTL_H 1
| #define HAVE_SYS_SOCKET_H 1
| #define HAVE_SYS_TIME_H 1
| #define HAVE_UNISTD_H 1
| #define TIME_WITH_SYS_TIME 1
| #define HAVE_FORK 1
| #define HAVE_VFORK 1
| #define HAVE_WORKING_VFORK 1
| #define HAVE_WORKING_FORK 1
| #define HAVE_STDLIB_H 1
| #define HAVE_MALLOC 1
| #define HAVE_SYS_SELECT_H 1
| #define HAVE_SYS_SOCKET_H 1
| #define SELECT_TYPE_ARG1 int
| #define SELECT_TYPE_ARG234 (fd_set *)
| #define SELECT_TYPE_ARG5 (struct timeval *)
| /* end confdefs.h.  */
| #include <sys/types.h>
| #include <signal.h>
| 
| int
| main ()
| {
| return *(signal (0, 0)) (0) == 1;
|   ;
|   return 0;
| }
configure:6677: result: void
configure:6687: checking for vprintf
configure:6687: gcc -o conftest -std=c99 -O3 -Werror -D_GNU_SOURCE -fno-strict-aliasing   conftest.c -lpthread -lcrypto -lcrypto  -lm >&5
conftest.c:77:6: error: conflicting types for built-in function 'vprintf' [-Werror]
 char vprintf ();
      ^
cc1: all warnings being treated as errors
configure:6687: $? = 1
configure: failed program was:
| /* confdefs.h */
| #define PACKAGE_NAME "OpenHIP"
| #define PACKAGE_TARNAME "openhip"
| #define PACKAGE_VERSION "0.9"
| #define PACKAGE_STRING "OpenHIP 0.9"
| #define PACKAGE_BUGREPORT "openhip-developers@lists.sourceforge.net"
| #define PACKAGE_URL ""
| #define PACKAGE "openhip"
| #define VERSION "0.9"
| #define STDC_HEADERS 1
| #define HAVE_SYS_TYPES_H 1
| #define HAVE_SYS_STAT_H 1
| #define HAVE_STDLIB_H 1
| #define HAVE_STRING_H 1
| #define HAVE_MEMORY_H 1
| #define HAVE_STRINGS_H 1
| #define HAVE_INTTYPES_H 1
| #define HAVE_STDINT_H 1
| #define HAVE_UNISTD_H 1
| #define __EXTENSIONS__ 1
| #define _ALL_SOURCE 1
| #define _GNU_SOURCE 1
| #define _POSIX_PTHREAD_SEMANTICS 1
| #define _TANDEM_SOURCE 1
| #define HAVE_LIBCRYPTO 1
| #define HAVE_LIBCRYPTO 1
| #define HAVE_LIBPTHREAD 1
| #define STDC_HEADERS 1
| #define HAVE_SYS_WAIT_H 1
| #define HAVE_ARPA_INET_H 1
| #define HAVE_FCNTL_H 1
| #define HAVE_NETDB_H 1
| #define HAVE_NETINET_IN_H 1
| #define HAVE_STDLIB_H 1
| #define HAVE_STRING_H 1
| #define HAVE_SYS_IOCTL_H 1
| #define HAVE_SYS_SOCKET_H 1
| #define HAVE_SYS_TIME_H 1
| #define HAVE_UNISTD_H 1
| #define TIME_WITH_SYS_TIME 1
| #define HAVE_FORK 1
| #define HAVE_VFORK 1
| #define HAVE_WORKING_VFORK 1
| #define HAVE_WORKING_FORK 1
| #define HAVE_STDLIB_H 1
| #define HAVE_MALLOC 1
| #define HAVE_SYS_SELECT_H 1
| #define HAVE_SYS_SOCKET_H 1
| #define SELECT_TYPE_ARG1 int
| #define SELECT_TYPE_ARG234 (fd_set *)
| #define SELECT_TYPE_ARG5 (struct timeval *)
| #define RETSIGTYPE void
| /* end confdefs.h.  */
| /* Define vprintf to an innocuous variant, in case <limits.h> declares vprintf.
|    For example, HP-UX 11i <limits.h> declares gettimeofday.  */
| #define vprintf innocuous_vprintf
| 
| /* System header to define __stub macros and hopefully few prototypes,
|     which can conflict with char vprintf (); below.
|     Prefer <limits.h> to <assert.h> if __STDC__ is defined, since
|     <limits.h> exists even on freestanding compilers.  */
| 
| #ifdef __STDC__
| # include <limits.h>
| #else
| # include <assert.h>
| #endif
| 
| #undef vprintf
| 
| /* Override any GCC internal prototype to avoid an error.
|    Use char because int might match the return type of a GCC
|    builtin and then its argument prototype would still apply.  */
| #ifdef __cplusplus
| extern "C"
| #endif
| char vprintf ();
| /* The GNU C library defines this for functions which it implements
|     to always fail with ENOSYS.  Some functions are actually named
|     something starting with __ and the normal name is an alias.  */
| #if defined __stub_vprintf || defined __stub___vprintf
| choke me
| #endif
| 
| int
| main ()
| {
| return vprintf ();
|   ;
|   return 0;
| }
configure:6687: result: no
configure:6707: checking for bzero
configure:6707: gcc -o conftest -std=c99 -O3 -Werror -D_GNU_SOURCE -fno-strict-aliasing   conftest.c -lpthread -lcrypto -lcrypto  -lm >&5
configure:6707: $? = 0
configure:6707: result: yes
configure:6707: checking for gethostbyname
configure:6707: gcc -o conftest -std=c99 -O3 -Werror -D_GNU_SOURCE -fno-strict-aliasing   conftest.c -lpthread -lcrypto -lcrypto  -lm >&5
configure:6707: $? = 0
configure:6707: result: yes
configure:6707: checking for gethostname
configure:6707: gcc -o conftest -std=c99 -O3 -Werror -D_GNU_SOURCE -fno-strict-aliasing   conftest.c -lpthread -lcrypto -lcrypto  -lm >&5
configure:6707: $? = 0
configure:6707: result: yes
configure:6707: checking for gettimeofday
configure:6707: gcc -o conftest -std=c99 -O3 -Werror -D_GNU_SOURCE -fno-strict-aliasing   conftest.c -lpthread -lcrypto -lcrypto  -lm >&5
configure:6707: $? = 0
configure:6707: result: yes
configure:6707: checking for inet_ntoa
configure:6707: gcc -o conftest -std=c99 -O3 -Werror -D_GNU_SOURCE -fno-strict-aliasing   conftest.c -lpthread -lcrypto -lcrypto  -lm >&5
configure:6707: $? = 0
configure:6707: result: yes
configure:6707: checking for memmove
configure:6707: gcc -o conftest -std=c99 -O3 -Werror -D_GNU_SOURCE -fno-strict-aliasing   conftest.c -lpthread -lcrypto -lcrypto  -lm >&5
conftest.c:82:6: error: conflicting types for built-in function 'memmove' [-Werror]
 char memmove ();
      ^
cc1: all warnings being treated as errors
configure:6707: $? = 1
configure: failed program was:
| /* confdefs.h */
| #define PACKAGE_NAME "OpenHIP"
| #define PACKAGE_TARNAME "openhip"
| #define PACKAGE_VERSION "0.9"
| #define PACKAGE_STRING "OpenHIP 0.9"
| #define PACKAGE_BUGREPORT "openhip-developers@lists.sourceforge.net"
| #define PACKAGE_URL ""
| #define PACKAGE "openhip"
| #define VERSION "0.9"
| #define STDC_HEADERS 1
| #define HAVE_SYS_TYPES_H 1
| #define HAVE_SYS_STAT_H 1
| #define HAVE_STDLIB_H 1
| #define HAVE_STRING_H 1
| #define HAVE_MEMORY_H 1
| #define HAVE_STRINGS_H 1
| #define HAVE_INTTYPES_H 1
| #define HAVE_STDINT_H 1
| #define HAVE_UNISTD_H 1
| #define __EXTENSIONS__ 1
| #define _ALL_SOURCE 1
| #define _GNU_SOURCE 1
| #define _POSIX_PTHREAD_SEMANTICS 1
| #define _TANDEM_SOURCE 1
| #define HAVE_LIBCRYPTO 1
| #define HAVE_LIBCRYPTO 1
| #define HAVE_LIBPTHREAD 1
| #define STDC_HEADERS 1
| #define HAVE_SYS_WAIT_H 1
| #define HAVE_ARPA_INET_H 1
| #define HAVE_FCNTL_H 1
| #define HAVE_NETDB_H 1
| #define HAVE_NETINET_IN_H 1
| #define HAVE_STDLIB_H 1
| #define HAVE_STRING_H 1
| #define HAVE_SYS_IOCTL_H 1
| #define HAVE_SYS_SOCKET_H 1
| #define HAVE_SYS_TIME_H 1
| #define HAVE_UNISTD_H 1
| #define TIME_WITH_SYS_TIME 1
| #define HAVE_FORK 1
| #define HAVE_VFORK 1
| #define HAVE_WORKING_VFORK 1
| #define HAVE_WORKING_FORK 1
| #define HAVE_STDLIB_H 1
| #define HAVE_MALLOC 1
| #define HAVE_SYS_SELECT_H 1
| #define HAVE_SYS_SOCKET_H 1
| #define SELECT_TYPE_ARG1 int
| #define SELECT_TYPE_ARG234 (fd_set *)
| #define SELECT_TYPE_ARG5 (struct timeval *)
| #define RETSIGTYPE void
| #define HAVE_BZERO 1
| #define HAVE_GETHOSTBYNAME 1
| #define HAVE_GETHOSTNAME 1
| #define HAVE_GETTIMEOFDAY 1
| #define HAVE_INET_NTOA 1
| /* end confdefs.h.  */
| /* Define memmove to an innocuous variant, in case <limits.h> declares memmove.
|    For example, HP-UX 11i <limits.h> declares gettimeofday.  */
| #define memmove innocuous_memmove
| 
| /* System header to define __stub macros and hopefully few prototypes,
|     which can conflict with char memmove (); below.
|     Prefer <limits.h> to <assert.h> if __STDC__ is defined, since
|     <limits.h> exists even on freestanding compilers.  */
| 
| #ifdef __STDC__
| # include <limits.h>
| #else
| # include <assert.h>
| #endif
| 
| #undef memmove
| 
| /* Override any GCC internal prototype to avoid an error.
|    Use char because int might match the return type of a GCC
|    builtin and then its argument prototype would still apply.  */
| #ifdef __cplusplus
| extern "C"
| #endif
| char memmove ();
| /* The GNU C library defines this for functions which it implements
|     to always fail with ENOSYS.  Some functions are actually named
|     something starting with __ and the normal name is an alias.  */
| #if defined __stub_memmove || defined __stub___memmove
| choke me
| #endif
| 
| int
| main ()
| {
| return memmove ();
|   ;
|   return 0;
| }
configure:6707: result: no
configure:6707: checking for memset
configure:6707: gcc -o conftest -std=c99 -O3 -Werror -D_GNU_SOURCE -fno-strict-aliasing   conftest.c -lpthread -lcrypto -lcrypto  -lm >&5
conftest.c:82:6: error: conflicting types for built-in function 'memset' [-Werror]
 char memset ();
      ^
cc1: all warnings being treated as errors
configure:6707: $? = 1
configure: failed program was:
| /* confdefs.h */
| #define PACKAGE_NAME "OpenHIP"
| #define PACKAGE_TARNAME "openhip"
| #define PACKAGE_VERSION "0.9"
| #define PACKAGE_STRING "OpenHIP 0.9"
| #define PACKAGE_BUGREPORT "openhip-developers@lists.sourceforge.net"
| #define PACKAGE_URL ""
| #define PACKAGE "openhip"
| #define VERSION "0.9"
| #define STDC_HEADERS 1
| #define HAVE_SYS_TYPES_H 1
| #define HAVE_SYS_STAT_H 1
| #define HAVE_STDLIB_H 1
| #define HAVE_STRING_H 1
| #define HAVE_MEMORY_H 1
| #define HAVE_STRINGS_H 1
| #define HAVE_INTTYPES_H 1
| #define HAVE_STDINT_H 1
| #define HAVE_UNISTD_H 1
| #define __EXTENSIONS__ 1
| #define _ALL_SOURCE 1
| #define _GNU_SOURCE 1
| #define _POSIX_PTHREAD_SEMANTICS 1
| #define _TANDEM_SOURCE 1
| #define HAVE_LIBCRYPTO 1
| #define HAVE_LIBCRYPTO 1
| #define HAVE_LIBPTHREAD 1
| #define STDC_HEADERS 1
| #define HAVE_SYS_WAIT_H 1
| #define HAVE_ARPA_INET_H 1
| #define HAVE_FCNTL_H 1
| #define HAVE_NETDB_H 1
| #define HAVE_NETINET_IN_H 1
| #define HAVE_STDLIB_H 1
| #define HAVE_STRING_H 1
| #define HAVE_SYS_IOCTL_H 1
| #define HAVE_SYS_SOCKET_H 1
| #define HAVE_SYS_TIME_H 1
| #define HAVE_UNISTD_H 1
| #define TIME_WITH_SYS_TIME 1
| #define HAVE_FORK 1
| #define HAVE_VFORK 1
| #define HAVE_WORKING_VFORK 1
| #define HAVE_WORKING_FORK 1
| #define HAVE_STDLIB_H 1
| #define HAVE_MALLOC 1
| #define HAVE_SYS_SELECT_H 1
| #define HAVE_SYS_SOCKET_H 1
| #define SELECT_TYPE_ARG1 int
| #define SELECT_TYPE_ARG234 (fd_set *)
| #define SELECT_TYPE_ARG5 (struct timeval *)
| #define RETSIGTYPE void
| #define HAVE_BZERO 1
| #define HAVE_GETHOSTBYNAME 1
| #define HAVE_GETHOSTNAME 1
| #define HAVE_GETTIMEOFDAY 1
| #define HAVE_INET_NTOA 1
| /* end confdefs.h.  */
| /* Define memset to an innocuous variant, in case <limits.h> declares memset.
|    For example, HP-UX 11i <limits.h> declares gettimeofday.  */
| #define memset innocuous_memset
| 
| /* System header to define __stub macros and hopefully few prototypes,
|     which can conflict with char memset (); below.
|     Prefer <limits.h> to <assert.h> if __STDC__ is defined, since
|     <limits.h> exists even on freestanding compilers.  */
| 
| #ifdef __STDC__
| # include <limits.h>
| #else
| # include <assert.h>
| #endif
| 
| #undef memset
| 
| /* Override any GCC internal prototype to avoid an error.
|    Use char because int might match the return type of a GCC
|    builtin and then its argument prototype would still apply.  */
| #ifdef __cplusplus
| extern "C"
| #endif
| char memset ();
| /* The GNU C library defines this for functions which it implements
|     to always fail with ENOSYS.  Some functions are actually named
|     something starting with __ and the normal name is an alias.  */
| #if defined __stub_memset || defined __stub___memset
| choke me
| #endif
| 
| int
| main ()
| {
| return memset ();
|   ;
|   return 0;
| }
configure:6707: result: no
configure:6707: checking for pow
configure:6707: gcc -o conftest -std=c99 -O3 -Werror -D_GNU_SOURCE -fno-strict-aliasing   conftest.c -lpthread -lcrypto -lcrypto  -lm >&5
conftest.c:82:6: error: conflicting types for built-in function 'pow' [-Werror]
 char pow ();
      ^
cc1: all warnings being treated as errors
configure:6707: $? = 1
configure: failed program was:
| /* confdefs.h */
| #define PACKAGE_NAME "OpenHIP"
| #define PACKAGE_TARNAME "openhip"
| #define PACKAGE_VERSION "0.9"
| #define PACKAGE_STRING "OpenHIP 0.9"
| #define PACKAGE_BUGREPORT "openhip-developers@lists.sourceforge.net"
| #define PACKAGE_URL ""
| #define PACKAGE "openhip"
| #define VERSION "0.9"
| #define STDC_HEADERS 1
| #define HAVE_SYS_TYPES_H 1
| #define HAVE_SYS_STAT_H 1
| #define HAVE_STDLIB_H 1
| #define HAVE_STRING_H 1
| #define HAVE_MEMORY_H 1
| #define HAVE_STRINGS_H 1
| #define HAVE_INTTYPES_H 1
| #define HAVE_STDINT_H 1
| #define HAVE_UNISTD_H 1
| #define __EXTENSIONS__ 1
| #define _ALL_SOURCE 1
| #define _GNU_SOURCE 1
| #define _POSIX_PTHREAD_SEMANTICS 1
| #define _TANDEM_SOURCE 1
| #define HAVE_LIBCRYPTO 1
| #define HAVE_LIBCRYPTO 1
| #define HAVE_LIBPTHREAD 1
| #define STDC_HEADERS 1
| #define HAVE_SYS_WAIT_H 1
| #define HAVE_ARPA_INET_H 1
| #define HAVE_FCNTL_H 1
| #define HAVE_NETDB_H 1
| #define HAVE_NETINET_IN_H 1
| #define HAVE_STDLIB_H 1
| #define HAVE_STRING_H 1
| #define HAVE_SYS_IOCTL_H 1
| #define HAVE_SYS_SOCKET_H 1
| #define HAVE_SYS_TIME_H 1
| #define HAVE_UNISTD_H 1
| #define TIME_WITH_SYS_TIME 1
| #define HAVE_FORK 1
| #define HAVE_VFORK 1
| #define HAVE_WORKING_VFORK 1
| #define HAVE_WORKING_FORK 1
| #define HAVE_STDLIB_H 1
| #define HAVE_MALLOC 1
| #define HAVE_SYS_SELECT_H 1
| #define HAVE_SYS_SOCKET_H 1
| #define SELECT_TYPE_ARG1 int
| #define SELECT_TYPE_ARG234 (fd_set *)
| #define SELECT_TYPE_ARG5 (struct timeval *)
| #define RETSIGTYPE void
| #define HAVE_BZERO 1
| #define HAVE_GETHOSTBYNAME 1
| #define HAVE_GETHOSTNAME 1
| #define HAVE_GETTIMEOFDAY 1
| #define HAVE_INET_NTOA 1
| /* end confdefs.h.  */
| /* Define pow to an innocuous variant, in case <limits.h> declares pow.
|    For example, HP-UX 11i <limits.h> declares gettimeofday.  */
| #define pow innocuous_pow
| 
| /* System header to define __stub macros and hopefully few prototypes,
|     which can conflict with char pow (); below.
|     Prefer <limits.h> to <assert.h> if __STDC__ is defined, since
|     <limits.h> exists even on freestanding compilers.  */
| 
| #ifdef __STDC__
| # include <limits.h>
| #else
| # include <assert.h>
| #endif
| 
| #undef pow
| 
| /* Override any GCC internal prototype to avoid an error.
|    Use char because int might match the return type of a GCC
|    builtin and then its argument prototype would still apply.  */
| #ifdef __cplusplus
| extern "C"
| #endif
| char pow ();
| /* The GNU C library defines this for functions which it implements
|     to always fail with ENOSYS.  Some functions are actually named
|     something starting with __ and the normal name is an alias.  */
| #if defined __stub_pow || defined __stub___pow
| choke me
| #endif
| 
| int
| main ()
| {
| return pow ();
|   ;
|   return 0;
| }
configure:6707: result: no
configure:6707: checking for select
configure:6707: gcc -o conftest -std=c99 -O3 -Werror -D_GNU_SOURCE -fno-strict-aliasing   conftest.c -lpthread -lcrypto -lcrypto  -lm >&5
configure:6707: $? = 0
configure:6707: result: yes
configure:6707: checking for socket
configure:6707: gcc -o conftest -std=c99 -O3 -Werror -D_GNU_SOURCE -fno-strict-aliasing   conftest.c -lpthread -lcrypto -lcrypto  -lm >&5
configure:6707: $? = 0
configure:6707: result: yes
configure:6707: checking for strchr
configure:6707: gcc -o conftest -std=c99 -O3 -Werror -D_GNU_SOURCE -fno-strict-aliasing   conftest.c -lpthread -lcrypto -lcrypto  -lm >&5
conftest.c:84:6: error: conflicting types for built-in function 'strchr' [-Werror]
 char strchr ();
      ^
cc1: all warnings being treated as errors
configure:6707: $? = 1
configure: failed program was:
| /* confdefs.h */
| #define PACKAGE_NAME "OpenHIP"
| #define PACKAGE_TARNAME "openhip"
| #define PACKAGE_VERSION "0.9"
| #define PACKAGE_STRING "OpenHIP 0.9"
| #define PACKAGE_BUGREPORT "openhip-developers@lists.sourceforge.net"
| #define PACKAGE_URL ""
| #define PACKAGE "openhip"
| #define VERSION "0.9"
| #define STDC_HEADERS 1
| #define HAVE_SYS_TYPES_H 1
| #define HAVE_SYS_STAT_H 1
| #define HAVE_STDLIB_H 1
| #define HAVE_STRING_H 1
| #define HAVE_MEMORY_H 1
| #define HAVE_STRINGS_H 1
| #define HAVE_INTTYPES_H 1
| #define HAVE_STDINT_H 1
| #define HAVE_UNISTD_H 1
| #define __EXTENSIONS__ 1
| #define _ALL_SOURCE 1
| #define _GNU_SOURCE 1
| #define _POSIX_PTHREAD_SEMANTICS 1
| #define _TANDEM_SOURCE 1
| #define HAVE_LIBCRYPTO 1
| #define HAVE_LIBCRYPTO 1
| #define HAVE_LIBPTHREAD 1
| #define STDC_HEADERS 1
| #define HAVE_SYS_WAIT_H 1
| #define HAVE_ARPA_INET_H 1
| #define HAVE_FCNTL_H 1
| #define HAVE_NETDB_H 1
| #define HAVE_NETINET_IN_H 1
| #define HAVE_STDLIB_H 1
| #define HAVE_STRING_H 1
| #define HAVE_SYS_IOCTL_H 1
| #define HAVE_SYS_SOCKET_H 1
| #define HAVE_SYS_TIME_H 1
| #define HAVE_UNISTD_H 1
| #define TIME_WITH_SYS_TIME 1
| #define HAVE_FORK 1
| #define HAVE_VFORK 1
| #define HAVE_WORKING_VFORK 1
| #define HAVE_WORKING_FORK 1
| #define HAVE_STDLIB_H 1
| #define HAVE_MALLOC 1
| #define HAVE_SYS_SELECT_H 1
| #define HAVE_SYS_SOCKET_H 1
| #define SELECT_TYPE_ARG1 int
| #define SELECT_TYPE_ARG234 (fd_set *)
| #define SELECT_TYPE_ARG5 (struct timeval *)
| #define RETSIGTYPE void
| #define HAVE_BZERO 1
| #define HAVE_GETHOSTBYNAME 1
| #define HAVE_GETHOSTNAME 1
| #define HAVE_GETTIMEOFDAY 1
| #define HAVE_INET_NTOA 1
| #define HAVE_SELECT 1
| #define HAVE_SOCKET 1
| /* end confdefs.h.  */
| /* Define strchr to an innocuous variant, in case <limits.h> declares strchr.
|    For example, HP-UX 11i <limits.h> declares gettimeofday.  */
| #define strchr innocuous_strchr
| 
| /* System header to define __stub macros and hopefully few prototypes,
|     which can conflict with char strchr (); below.
|     Prefer <limits.h> to <assert.h> if __STDC__ is defined, since
|     <limits.h> exists even on freestanding compilers.  */
| 
| #ifdef __STDC__
| # include <limits.h>
| #else
| # include <assert.h>
| #endif
| 
| #undef strchr
| 
| /* Override any GCC internal prototype to avoid an error.
|    Use char because int might match the return type of a GCC
|    builtin and then its argument prototype would still apply.  */
| #ifdef __cplusplus
| extern "C"
| #endif
| char strchr ();
| /* The GNU C library defines this for functions which it implements
|     to always fail with ENOSYS.  Some functions are actually named
|     something starting with __ and the normal name is an alias.  */
| #if defined __stub_strchr || defined __stub___strchr
| choke me
| #endif
| 
| int
| main ()
| {
| return strchr ();
|   ;
|   return 0;
| }
configure:6707: result: no
configure:6707: checking for strerror
configure:6707: gcc -o conftest -std=c99 -O3 -Werror -D_GNU_SOURCE -fno-strict-aliasing   conftest.c -lpthread -lcrypto -lcrypto  -lm >&5
configure:6707: $? = 0
configure:6707: result: yes
configure:6707: checking for strncasecmp
configure:6707: gcc -o conftest -std=c99 -O3 -Werror -D_GNU_SOURCE -fno-strict-aliasing   conftest.c -lpthread -lcrypto -lcrypto  -lm >&5
configure:6707: $? = 0
configure:6707: result: yes
configure:6707: checking for strrchr
configure:6707: gcc -o conftest -std=c99 -O3 -Werror -D_GNU_SOURCE -fno-strict-aliasing   conftest.c -lpthread -lcrypto -lcrypto  -lm >&5
conftest.c:86:6: error: conflicting types for built-in function 'strrchr' [-Werror]
 char strrchr ();
      ^
cc1: all warnings being treated as errors
configure:6707: $? = 1
configure: failed program was:
| /* confdefs.h */
| #define PACKAGE_NAME "OpenHIP"
| #define PACKAGE_TARNAME "openhip"
| #define PACKAGE_VERSION "0.9"
| #define PACKAGE_STRING "OpenHIP 0.9"
| #define PACKAGE_BUGREPORT "openhip-developers@lists.sourceforge.net"
| #define PACKAGE_URL ""
| #define PACKAGE "openhip"
| #define VERSION "0.9"
| #define STDC_HEADERS 1
| #define HAVE_SYS_TYPES_H 1
| #define HAVE_SYS_STAT_H 1
| #define HAVE_STDLIB_H 1
| #define HAVE_STRING_H 1
| #define HAVE_MEMORY_H 1
| #define HAVE_STRINGS_H 1
| #define HAVE_INTTYPES_H 1
| #define HAVE_STDINT_H 1
| #define HAVE_UNISTD_H 1
| #define __EXTENSIONS__ 1
| #define _ALL_SOURCE 1
| #define _GNU_SOURCE 1
| #define _POSIX_PTHREAD_SEMANTICS 1
| #define _TANDEM_SOURCE 1
| #define HAVE_LIBCRYPTO 1
| #define HAVE_LIBCRYPTO 1
| #define HAVE_LIBPTHREAD 1
| #define STDC_HEADERS 1
| #define HAVE_SYS_WAIT_H 1
| #define HAVE_ARPA_INET_H 1
| #define HAVE_FCNTL_H 1
| #define HAVE_NETDB_H 1
| #define HAVE_NETINET_IN_H 1
| #define HAVE_STDLIB_H 1
| #define HAVE_STRING_H 1
| #define HAVE_SYS_IOCTL_H 1
| #define HAVE_SYS_SOCKET_H 1
| #define HAVE_SYS_TIME_H 1
| #define HAVE_UNISTD_H 1
| #define TIME_WITH_SYS_TIME 1
| #define HAVE_FORK 1
| #define HAVE_VFORK 1
| #define HAVE_WORKING_VFORK 1
| #define HAVE_WORKING_FORK 1
| #define HAVE_STDLIB_H 1
| #define HAVE_MALLOC 1
| #define HAVE_SYS_SELECT_H 1
| #define HAVE_SYS_SOCKET_H 1
| #define SELECT_TYPE_ARG1 int
| #define SELECT_TYPE_ARG234 (fd_set *)
| #define SELECT_TYPE_ARG5 (struct timeval *)
| #define RETSIGTYPE void
| #define HAVE_BZERO 1
| #define HAVE_GETHOSTBYNAME 1
| #define HAVE_GETHOSTNAME 1
| #define HAVE_GETTIMEOFDAY 1
| #define HAVE_INET_NTOA 1
| #define HAVE_SELECT 1
| #define HAVE_SOCKET 1
| #define HAVE_STRERROR 1
| #define HAVE_STRNCASECMP 1
| /* end confdefs.h.  */
| /* Define strrchr to an innocuous variant, in case <limits.h> declares strrchr.
|    For example, HP-UX 11i <limits.h> declares gettimeofday.  */
| #define strrchr innocuous_strrchr
| 
| /* System header to define __stub macros and hopefully few prototypes,
|     which can conflict with char strrchr (); below.
|     Prefer <limits.h> to <assert.h> if __STDC__ is defined, since
|     <limits.h> exists even on freestanding compilers.  */
| 
| #ifdef __STDC__
| # include <limits.h>
| #else
| # include <assert.h>
| #endif
| 
| #undef strrchr
| 
| /* Override any GCC internal prototype to avoid an error.
|    Use char because int might match the return type of a GCC
|    builtin and then its argument prototype would still apply.  */
| #ifdef __cplusplus
| extern "C"
| #endif
| char strrchr ();
| /* The GNU C library defines this for functions which it implements
|     to always fail with ENOSYS.  Some functions are actually named
|     something starting with __ and the normal name is an alias.  */
| #if defined __stub_strrchr || defined __stub___strrchr
| choke me
| #endif
| 
| int
| main ()
| {
| return strrchr ();
|   ;
|   return 0;
| }
configure:6707: result: no
configure:6707: checking for strstr
configure:6707: gcc -o conftest -std=c99 -O3 -Werror -D_GNU_SOURCE -fno-strict-aliasing   conftest.c -lpthread -lcrypto -lcrypto  -lm >&5
conftest.c:86:6: error: conflicting types for built-in function 'strstr' [-Werror]
 char strstr ();
      ^
cc1: all warnings being treated as errors
configure:6707: $? = 1
configure: failed program was:
| /* confdefs.h */
| #define PACKAGE_NAME "OpenHIP"
| #define PACKAGE_TARNAME "openhip"
| #define PACKAGE_VERSION "0.9"
| #define PACKAGE_STRING "OpenHIP 0.9"
| #define PACKAGE_BUGREPORT "openhip-developers@lists.sourceforge.net"
| #define PACKAGE_URL ""
| #define PACKAGE "openhip"
| #define VERSION "0.9"
| #define STDC_HEADERS 1
| #define HAVE_SYS_TYPES_H 1
| #define HAVE_SYS_STAT_H 1
| #define HAVE_STDLIB_H 1
| #define HAVE_STRING_H 1
| #define HAVE_MEMORY_H 1
| #define HAVE_STRINGS_H 1
| #define HAVE_INTTYPES_H 1
| #define HAVE_STDINT_H 1
| #define HAVE_UNISTD_H 1
| #define __EXTENSIONS__ 1
| #define _ALL_SOURCE 1
| #define _GNU_SOURCE 1
| #define _POSIX_PTHREAD_SEMANTICS 1
| #define _TANDEM_SOURCE 1
| #define HAVE_LIBCRYPTO 1
| #define HAVE_LIBCRYPTO 1
| #define HAVE_LIBPTHREAD 1
| #define STDC_HEADERS 1
| #define HAVE_SYS_WAIT_H 1
| #define HAVE_ARPA_INET_H 1
| #define HAVE_FCNTL_H 1
| #define HAVE_NETDB_H 1
| #define HAVE_NETINET_IN_H 1
| #define HAVE_STDLIB_H 1
| #define HAVE_STRING_H 1
| #define HAVE_SYS_IOCTL_H 1
| #define HAVE_SYS_SOCKET_H 1
| #define HAVE_SYS_TIME_H 1
| #define HAVE_UNISTD_H 1
| #define TIME_WITH_SYS_TIME 1
| #define HAVE_FORK 1
| #define HAVE_VFORK 1
| #define HAVE_WORKING_VFORK 1
| #define HAVE_WORKING_FORK 1
| #define HAVE_STDLIB_H 1
| #define HAVE_MALLOC 1
| #define HAVE_SYS_SELECT_H 1
| #define HAVE_SYS_SOCKET_H 1
| #define SELECT_TYPE_ARG1 int
| #define SELECT_TYPE_ARG234 (fd_set *)
| #define SELECT_TYPE_ARG5 (struct timeval *)
| #define RETSIGTYPE void
| #define HAVE_BZERO 1
| #define HAVE_GETHOSTBYNAME 1
| #define HAVE_GETHOSTNAME 1
| #define HAVE_GETTIMEOFDAY 1
| #define HAVE_INET_NTOA 1
| #define HAVE_SELECT 1
| #define HAVE_SOCKET 1
| #define HAVE_STRERROR 1
| #define HAVE_STRNCASECMP 1
| /* end confdefs.h.  */
| /* Define strstr to an innocuous variant, in case <limits.h> declares strstr.
|    For example, HP-UX 11i <limits.h> declares gettimeofday.  */
| #define strstr innocuous_strstr
| 
| /* System header to define __stub macros and hopefully few prototypes,
|     which can conflict with char strstr (); below.
|     Prefer <limits.h> to <assert.h> if __STDC__ is defined, since
|     <limits.h> exists even on freestanding compilers.  */
| 
| #ifdef __STDC__
| # include <limits.h>
| #else
| # include <assert.h>
| #endif
| 
| #undef strstr
| 
| /* Override any GCC internal prototype to avoid an error.
|    Use char because int might match the return type of a GCC
|    builtin and then its argument prototype would still apply.  */
| #ifdef __cplusplus
| extern "C"
| #endif
| char strstr ();
| /* The GNU C library defines this for functions which it implements
|     to always fail with ENOSYS.  Some functions are actually named
|     something starting with __ and the normal name is an alias.  */
| #if defined __stub_strstr || defined __stub___strstr
| choke me
| #endif
| 
| int
| main ()
| {
| return strstr ();
|   ;
|   return 0;
| }
configure:6707: result: no
configure:6707: checking for uname
configure:6707: gcc -o conftest -std=c99 -O3 -Werror -D_GNU_SOURCE -fno-strict-aliasing   conftest.c -lpthread -lcrypto -lcrypto  -lm >&5
configure:6707: $? = 0
configure:6707: result: yes
configure:6719: checking if --enable-vpls option is specified
configure:6728: result: no
configure:6910: checking for pkg-config
configure:6928: found /usr/bin/pkg-config
configure:6940: result: /usr/bin/pkg-config
configure:6965: checking pkg-config is at least version 0.9.0
configure:6968: result: yes
configure:6978: checking for libxml2
configure:6985: $PKG_CONFIG --exists --print-errors "libxml-2.0"
configure:6988: $? = 0
configure:7002: $PKG_CONFIG --exists --print-errors "libxml-2.0"
configure:7005: $? = 0
configure:7063: result: yes
configure:7178: checking that generated files are newer than configure
configure:7184: result: done
configure:7231: creating ./config.status

## ---------------------- ##
## Running config.status. ##
## ---------------------- ##

This file was extended by OpenHIP config.status 0.9, which was
generated by GNU Autoconf 2.69.  Invocation command line was

  CONFIG_FILES    = 
  CONFIG_HEADERS  = 
  CONFIG_LINKS    = 
  CONFIG_COMMANDS = 
  $ ./config.status 

on sable7

config.status:921: creating src/include/hip/hip_version.h
config.status:921: creating src/linux/openhip.spec
config.status:921: creating src/win32/install-win32/openhip.nsi
config.status:921: creating docs/Doxyfile
config.status:921: creating Makefile
config.status:921: creating src/Makefile
config.status:921: creating src/util/Makefile
config.status:921: creating docs/Makefile
config.status:921: creating config.h
config.status:1150: executing depfiles commands
configure:8558:  
configure:8560: === Finished configuring OpenHIP 0.9: ===
configure:8562:  
configure:8564:     - building HIP user mode binary 'hip'
configure:8566:  
configure:8568:     - building 'hitgen' utility
configure:8570:  
configure:8579:     - NOT building virtual private LAN service extensions
configure:8582:  

## ---------------- ##
## Cache variables. ##
## ---------------- ##

ac_cv_c_compiler_gnu=yes
ac_cv_c_const=yes
ac_cv_c_inline=inline
ac_cv_cxx_compiler_gnu=no
ac_cv_env_CCC_set=
ac_cv_env_CCC_value=
ac_cv_env_CC_set=
ac_cv_env_CC_value=
ac_cv_env_CFLAGS_set=set
ac_cv_env_CFLAGS_value=-std=c99
ac_cv_env_CPPFLAGS_set=
ac_cv_env_CPPFLAGS_value=
ac_cv_env_CPP_set=
ac_cv_env_CPP_value=
ac_cv_env_CXXFLAGS_set=
ac_cv_env_CXXFLAGS_value=
ac_cv_env_CXX_set=
ac_cv_env_CXX_value=
ac_cv_env_LDFLAGS_set=
ac_cv_env_LDFLAGS_value=
ac_cv_env_LIBS_set=
ac_cv_env_LIBS_value=
ac_cv_env_PKG_CONFIG_LIBDIR_set=
ac_cv_env_PKG_CONFIG_LIBDIR_value=
ac_cv_env_PKG_CONFIG_PATH_set=
ac_cv_env_PKG_CONFIG_PATH_value=
ac_cv_env_PKG_CONFIG_set=
ac_cv_env_PKG_CONFIG_value=
ac_cv_env_build_alias_set=
ac_cv_env_build_alias_value=
ac_cv_env_host_alias_set=
ac_cv_env_host_alias_value=
ac_cv_env_libxml2_CFLAGS_set=
ac_cv_env_libxml2_CFLAGS_value=
ac_cv_env_libxml2_LIBS_set=
ac_cv_env_libxml2_LIBS_value=
ac_cv_env_target_alias_set=
ac_cv_env_target_alias_value=
ac_cv_func_bzero=yes
ac_cv_func_fork=yes
ac_cv_func_fork_works=yes
ac_cv_func_gethostbyname=yes
ac_cv_func_gethostname=yes
ac_cv_func_gettimeofday=yes
ac_cv_func_inet_ntoa=yes
ac_cv_func_malloc_0_nonnull=yes
ac_cv_func_memcmp_working=yes
ac_cv_func_memmove=no
ac_cv_func_memset=no
ac_cv_func_pow=no
ac_cv_func_select=yes
ac_cv_func_select_args='int,fd_set *,struct timeval *'
ac_cv_func_socket=yes
ac_cv_func_strchr=no
ac_cv_func_strerror=yes
ac_cv_func_strncasecmp=yes
ac_cv_func_strrchr=no
ac_cv_func_strstr=no
ac_cv_func_uname=yes
ac_cv_func_vfork=yes
ac_cv_func_vfork_works=yes
ac_cv_func_vprintf=no
ac_cv_header_arpa_inet_h=yes
ac_cv_header_fcntl_h=yes
ac_cv_header_inttypes_h=yes
ac_cv_header_memory_h=yes
ac_cv_header_minix_config_h=no
ac_cv_header_netdb_h=yes
ac_cv_header_netinet_in_h=yes
ac_cv_header_stdc=yes
ac_cv_header_stdint_h=yes
ac_cv_header_stdlib_h=yes
ac_cv_header_string_h=yes
ac_cv_header_strings_h=yes
ac_cv_header_sys_ioctl_h=yes
ac_cv_header_sys_select_h=yes
ac_cv_header_sys_socket_h=yes
ac_cv_header_sys_stat_h=yes
ac_cv_header_sys_time_h=yes
ac_cv_header_sys_types_h=yes
ac_cv_header_sys_wait_h=yes
ac_cv_header_time=yes
ac_cv_header_unistd_h=yes
ac_cv_header_vfork_h=no
ac_cv_lib_crypto_AES_cbc_encrypt=yes
ac_cv_lib_crypto_RSA_verify=yes
ac_cv_lib_pthread_pthread_create=yes
ac_cv_objext=o
ac_cv_path_EGREP='/bin/grep -E'
ac_cv_path_GREP=/bin/grep
ac_cv_path_ac_pt_PKG_CONFIG=/usr/bin/pkg-config
ac_cv_path_install='/usr/bin/install -c'
ac_cv_path_mkdir=/bin/mkdir
ac_cv_prog_AWK=mawk
ac_cv_prog_CPP='gcc -E'
ac_cv_prog_ac_ct_CC=gcc
ac_cv_prog_cc_c89=
ac_cv_prog_cc_g=yes
ac_cv_prog_cxx_g=no
ac_cv_prog_gcc_traditional=no
ac_cv_prog_make_make_set=yes
ac_cv_safe_to_define___extensions__=yes
ac_cv_type_pid_t=yes
ac_cv_type_signal=void
ac_cv_type_size_t=yes
am_cv_CC_dependencies_compiler_type=gcc3
am_cv_CXX_dependencies_compiler_type=none
am_cv_make_support_nested_variables=yes
am_cv_prog_cc_c_o=yes
pkg_cv_libxml2_CFLAGS='-I/usr/include/libxml2  '
pkg_cv_libxml2_LIBS='-lxml2  '

## ----------------- ##
## Output variables. ##
## ----------------- ##

ACLOCAL='${SHELL} /home/jim/openhip-openhip-f59947ed4a92/config/missing aclocal-1.14'
AMDEPBACKSLASH='\'
AMDEP_FALSE='#'
AMDEP_TRUE=''
AMTAR='$${TAR-tar}'
AM_BACKSLASH='\'
AM_DEFAULT_V='$(AM_DEFAULT_VERBOSITY)'
AM_DEFAULT_VERBOSITY='1'
AM_V='$(V)'
AUTOCONF='${SHELL} /home/jim/openhip-openhip-f59947ed4a92/config/missing autoconf'
AUTOHEADER='${SHELL} /home/jim/openhip-openhip-f59947ed4a92/config/missing autoheader'
AUTOMAKE='${SHELL} /home/jim/openhip-openhip-f59947ed4a92/config/missing automake-1.14'
AWK='mawk'
CC='gcc'
CCDEPMODE='depmode=gcc3'
CFLAGS='-std=c99 -O3 -Werror -D_GNU_SOURCE -fno-strict-aliasing -Wall -DCONFIG_HIP -DSYSCONFDIR="\"$(sysconfdir)\"" -DLOCALSTATEDIR="\"$(localstatedir)\""  '
CPP='gcc -E'
CPPFLAGS=''
CXX='g++'
CXXDEPMODE='depmode=none'
CXXFLAGS=''
CYGPATH_W='echo'
DEFS='-DHAVE_CONFIG_H'
DEPDIR='.deps'
ECHO_C=''
ECHO_N='-n'
ECHO_T=''
EGREP='/bin/grep -E'
EXEEXT=''
GREP='/bin/grep'
INSTALL_DATA='${INSTALL} -m 644'
INSTALL_PROGRAM='${INSTALL}'
INSTALL_SCRIPT='${INSTALL}'
INSTALL_STRIP_PROGRAM='$(install_sh) -c -s'
LDFLAGS=''
LIBOBJS=''
LIBS='-lpthread -lcrypto -lcrypto  -lm'
LTLIBOBJS=''
MAKEINFO='${SHELL} /home/jim/openhip-openhip-f59947ed4a92/config/missing makeinfo'
MKDIR_P='/bin/mkdir -p'
OBJEXT='o'
PACKAGE='openhip'
PACKAGE_BUGREPORT='openhip-developers@lists.sourceforge.net'
PACKAGE_NAME='OpenHIP'
PACKAGE_STRING='OpenHIP 0.9'
PACKAGE_TARNAME='openhip'
PACKAGE_URL=''
PACKAGE_VERSION='0.9'
PATH_SEPARATOR=':'
PKG_CONFIG='/usr/bin/pkg-config'
PKG_CONFIG_LIBDIR=''
PKG_CONFIG_PATH=''
SET_MAKE=''
SHELL='/bin/bash'
STRIP=''
VERSION='0.9'
WANT_OSX_FALSE=''
WANT_OSX_TRUE='#'
WANT_VPLS_FALSE=''
WANT_VPLS_FILES_CFG_FALSE=''
WANT_VPLS_FILES_CFG_TRUE='#'
WANT_VPLS_IFMAP_CFG_FALSE=''
WANT_VPLS_IFMAP_CFG_TRUE='#'
WANT_VPLS_TRUE='#'
ac_ct_CC='gcc'
ac_ct_CXX=''
am__EXEEXT_FALSE=''
am__EXEEXT_TRUE='#'
am__fastdepCC_FALSE='#'
am__fastdepCC_TRUE=''
am__fastdepCXX_FALSE=''
am__fastdepCXX_TRUE='#'
am__include='include'
am__isrc=''
am__leading_dot='.'
am__nodep='_no'
am__quote=''
am__tar='$${TAR-tar} chof - "$$tardir"'
am__untar='$${TAR-tar} xf -'
bindir='${exec_prefix}/bin'
build_alias=''
datadir='${datarootdir}'
datarootdir='${prefix}/share'
docdir='${datarootdir}/doc/${PACKAGE_TARNAME}'
dvidir='${docdir}'
exec_prefix='${prefix}'
host_alias=''
htmldir='${docdir}'
includedir='${prefix}/include'
infodir='${datarootdir}/info'
install_sh='${SHELL} /home/jim/openhip-openhip-f59947ed4a92/config/install-sh'
libdir='${exec_prefix}/lib'
libexecdir='${exec_prefix}/libexec'
libxml2_CFLAGS='-I/usr/include/libxml2  '
libxml2_LIBS='-lxml2  '
localedir='${datarootdir}/locale'
localstatedir='/var'
mandir='${datarootdir}/man'
mkdir_p='$(MKDIR_P)'
oldincludedir='/usr/include'
pdfdir='${docdir}'
prefix='/usr/local'
program_transform_name='s,x,x,'
psdir='${docdir}'
sbindir='${exec_prefix}/sbin'
sharedstatedir='${prefix}/com'
sysconfdir='${prefix}/etc/hip'
target_alias=''

## ----------- ##
## confdefs.h. ##
## ----------- ##

/* confdefs.h */
#define PACKAGE_NAME "OpenHIP"
#define PACKAGE_TARNAME "openhip"
#define PACKAGE_VERSION "0.9"
#define PACKAGE_STRING "OpenHIP 0.9"
#define PACKAGE_BUGREPORT "openhip-developers@lists.sourceforge.net"
#define PACKAGE_URL ""
#define PACKAGE "openhip"
#define VERSION "0.9"
#define STDC_HEADERS 1
#define HAVE_SYS_TYPES_H 1
#define HAVE_SYS_STAT_H 1
#define HAVE_STDLIB_H 1
#define HAVE_STRING_H 1
#define HAVE_MEMORY_H 1
#define HAVE_STRINGS_H 1
#define HAVE_INTTYPES_H 1
#define HAVE_STDINT_H 1
#define HAVE_UNISTD_H 1
#define __EXTENSIONS__ 1
#define _ALL_SOURCE 1
#define _GNU_SOURCE 1
#define _POSIX_PTHREAD_SEMANTICS 1
#define _TANDEM_SOURCE 1
#define HAVE_LIBCRYPTO 1
#define HAVE_LIBCRYPTO 1
#define HAVE_LIBPTHREAD 1
#define STDC_HEADERS 1
#define HAVE_SYS_WAIT_H 1
#define HAVE_ARPA_INET_H 1
#define HAVE_FCNTL_H 1
#define HAVE_NETDB_H 1
#define HAVE_NETINET_IN_H 1
#define HAVE_STDLIB_H 1
#define HAVE_STRING_H 1
#define HAVE_SYS_IOCTL_H 1
#define HAVE_SYS_SOCKET_H 1
#define HAVE_SYS_TIME_H 1
#define HAVE_UNISTD_H 1
#define TIME_WITH_SYS_TIME 1
#define HAVE_FORK 1
#define HAVE_VFORK 1
#define HAVE_WORKING_VFORK 1
#define HAVE_WORKING_FORK 1
#define HAVE_STDLIB_H 1
#define HAVE_MALLOC 1
#define HAVE_SYS_SELECT_H 1
#define HAVE_SYS_SOCKET_H 1
#define SELECT_TYPE_ARG1 int
#define SELECT_TYPE_ARG234 (fd_set *)
#define SELECT_TYPE_ARG5 (struct timeval *)
#define RETSIGTYPE void
#define HAVE_BZERO 1
#define HAVE_GETHOSTBYNAME 1
#define HAVE_GETHOSTNAME 1
#define HAVE_GETTIMEOFDAY 1
#define HAVE_INET_NTOA 1
#define HAVE_SELECT 1
#define HAVE_SOCKET 1
#define HAVE_STRERROR 1
#define HAVE_STRNCASECMP 1
#define HAVE_UNAME 1

configure: exit 0
